0xCB6EC0E8|progress_blue.png
0xB964346B|GW.EXE_0xB964346B.png
0x08797C89|progress_green.png
0x8D93CEAB|progress_red.png
0x3C793737|GW.EXE_0x3C793737.png
0x1FE3D906|GW.EXE_0x1FE3D906.png
0x1DC86635|GW.EXE_0x1DC86635.png
0x1F0C276B|GW.EXE_0x1F0C276B.png
0xE1882C62|GW.EXE_0xE1882C62.png
0x93D33431|progress_blue.png
0x030E740B|GW.EXE_0x030E740B.png
0xD84CFDA9|window.png
0x68342D82|window.png
0x0BE51B7C|window.png
0xF820FC56|titlebar.png
0x436D9C4B|checkbox.png
0x107EF118|scrollarrows.png
0x1E412F1C|scrollbar.png
0x745C6B29|scrollbar_background.png
0xDD995623|hp_mp_xp_background.png
0x1BD7C0A1|skillbar_background.png
0xD4850245|fog.png
0x201E14B5|black.png
0xC9577CC6|black.png
0xCA9DBC81|black.png
0x789C7B3B|black.png
0xE037B011|black.png
0x1E1FF642|black.png
0xF77B4050|black.png
0x38698310|black.png
0xA6149806|black.png
0x2352195A|black.png
0x9E05EE16|black.png
0xD3F47036|black.png
0xF22AB75C|black.png
0x0A018A0D|black.png
0x49B27EA2|black.png
0xF0D3E41E|black.png
0x9FD315CF|black.png
0x27A414F5|black.png
0x58DF8F58|black.png
0x28990E94|black.png
0x0A018A0D|black.png
0xCDCAAB26|black.png
0x6D45FB61|black.png
0x0443B1C1|black.png
0x8FE16324|black.png
0xE463C478|black.png
0x2891A0D7|black.png
0x6672E38C|black.png
0x1E706209|black.png
0x4E2DBBE1|black.png
0x1E82DDCA|black.png
0x1E82DDCA|black.png
0xA82F87FB|black.png
0xACA70056|black.png
0xB6173026|black.png
0xF7FA6690|black.png
0x155E3A41|black.png
0x6315587D|black.png
0x02395085|black.png
0xE81BEB7B|black.png
0x78AA364B|black.png
0x1A360277|black.png
0xC14423AD|black.png
0x78AA364B|black.png
0xADE68AF8|black.png
0x0F27C5A1|black.png
